<?xml version="1.0" encoding="UTF-8"?>
<testsuite xmlns:xsi="http://www.w3.org/2001/XMLSchema-instance" xsi:noNamespaceSchemaLocation="https://maven.apache.org/surefire/maven-surefire-plugin/xsd/surefire-test-report-3.0.xsd" version="3.0" name="com.idp.launchdarkly.FeatureFlagControllerTest" time="0.657" tests="4" errors="0" skipped="0" failures="0">
  <properties>
    <property name="java.specification.version" value="17"/>
    <property name="sun.jnu.encoding" value="UTF-8"/>
    <property name="java.class.path" value="/Users/davidhyland/Source/idp-blueprints-authz/IDP-Blueprint-for-DevOps/launchdarkly/target/test-classes:/Users/davidhyland/Source/idp-blueprints-authz/IDP-Blueprint-for-DevOps/launchdarkly/target/classes:/Users/davidhyland/.m2/repository/org/springframework/boot/spring-boot-starter-web/3.1.4/spring-boot-starter-web-3.1.4.jar:/Users/davidhyland/.m2/repository/org/springframework/boot/spring-boot-starter/3.1.4/spring-boot-starter-3.1.4.jar:/Users/davidhyland/.m2/repository/org/springframework/boot/spring-boot/3.1.4/spring-boot-3.1.4.jar:/Users/davidhyland/.m2/repository/org/springframework/boot/spring-boot-autoconfigure/3.1.4/spring-boot-autoconfigure-3.1.4.jar:/Users/davidhyland/.m2/repository/org/yaml/snakeyaml/1.33/snakeyaml-1.33.jar:/Users/davidhyland/.m2/repository/org/springframework/boot/spring-boot-starter-json/3.1.4/spring-boot-starter-json-3.1.4.jar:/Users/davidhyland/.m2/repository/com/fasterxml/jackson/core/jackson-databind/2.15.2/jackson-databind-2.15.2.jar:/Users/davidhyland/.m2/repository/com/fasterxml/jackson/core/jackson-annotations/2.15.2/jackson-annotations-2.15.2.jar:/Users/davidhyland/.m2/repository/com/fasterxml/jackson/core/jackson-core/2.15.2/jackson-core-2.15.2.jar:/Users/davidhyland/.m2/repository/com/fasterxml/jackson/datatype/jackson-datatype-jdk8/2.15.2/jackson-datatype-jdk8-2.15.2.jar:/Users/davidhyland/.m2/repository/com/fasterxml/jackson/datatype/jackson-datatype-jsr310/2.15.2/jackson-datatype-jsr310-2.15.2.jar:/Users/davidhyland/.m2/repository/com/fasterxml/jackson/module/jackson-module-parameter-names/2.15.2/jackson-module-parameter-names-2.15.2.jar:/Users/davidhyland/.m2/repository/org/springframework/boot/spring-boot-starter-tomcat/3.1.4/spring-boot-starter-tomcat-3.1.4.jar:/Users/davidhyland/.m2/repository/org/apache/tomcat/embed/tomcat-embed-core/10.1.13/tomcat-embed-core-10.1.13.jar:/Users/davidhyland/.m2/repository/org/apache/tomcat/embed/tomcat-embed-el/10.1.13/tomcat-embed-el-10.1.13.jar:/Users/davidhyland/.m2/repository/org/apache/tomcat/embed/tomcat-embed-websocket/10.1.13/tomcat-embed-websocket-10.1.13.jar:/Users/davidhyland/.m2/repository/org/springframework/spring-web/6.0.12/spring-web-6.0.12.jar:/Users/davidhyland/.m2/repository/org/springframework/spring-beans/6.0.12/spring-beans-6.0.12.jar:/Users/davidhyland/.m2/repository/io/micrometer/micrometer-observation/1.11.4/micrometer-observation-1.11.4.jar:/Users/davidhyland/.m2/repository/io/micrometer/micrometer-commons/1.11.4/micrometer-commons-1.11.4.jar:/Users/davidhyland/.m2/repository/org/springframework/spring-webmvc/6.0.12/spring-webmvc-6.0.12.jar:/Users/davidhyland/.m2/repository/org/springframework/spring-aop/6.0.12/spring-aop-6.0.12.jar:/Users/davidhyland/.m2/repository/org/springframework/spring-context/6.0.12/spring-context-6.0.12.jar:/Users/davidhyland/.m2/repository/org/springframework/spring-expression/6.0.12/spring-expression-6.0.12.jar:/Users/davidhyland/.m2/repository/org/springframework/boot/spring-boot-starter-log4j2/3.1.4/spring-boot-starter-log4j2-3.1.4.jar:/Users/davidhyland/.m2/repository/org/apache/logging/log4j/log4j-slf4j2-impl/2.20.0/log4j-slf4j2-impl-2.20.0.jar:/Users/davidhyland/.m2/repository/org/apache/logging/log4j/log4j-api/2.20.0/log4j-api-2.20.0.jar:/Users/davidhyland/.m2/repository/org/slf4j/slf4j-api/2.0.9/slf4j-api-2.0.9.jar:/Users/davidhyland/.m2/repository/org/apache/logging/log4j/log4j-core/2.20.0/log4j-core-2.20.0.jar:/Users/davidhyland/.m2/repository/org/apache/logging/log4j/log4j-jul/2.20.0/log4j-jul-2.20.0.jar:/Users/davidhyland/.m2/repository/com/launchdarkly/launchdarkly-java-server-sdk/7.6.0/launchdarkly-java-server-sdk-7.6.0.jar:/Users/davidhyland/.m2/repository/jakarta/annotation/jakarta.annotation-api/2.1.1/jakarta.annotation-api-2.1.1.jar:/Users/davidhyland/.m2/repository/org/springframework/boot/spring-boot-starter-test/3.1.4/spring-boot-starter-test-3.1.4.jar:/Users/davidhyland/.m2/repository/org/springframework/boot/spring-boot-test/3.1.4/spring-boot-test-3.1.4.jar:/Users/davidhyland/.m2/repository/org/springframework/boot/spring-boot-test-autoconfigure/3.1.4/spring-boot-test-autoconfigure-3.1.4.jar:/Users/davidhyland/.m2/repository/com/jayway/jsonpath/json-path/2.8.0/json-path-2.8.0.jar:/Users/davidhyland/.m2/repository/jakarta/xml/bind/jakarta.xml.bind-api/4.0.1/jakarta.xml.bind-api-4.0.1.jar:/Users/davidhyland/.m2/repository/jakarta/activation/jakarta.activation-api/2.1.2/jakarta.activation-api-2.1.2.jar:/Users/davidhyland/.m2/repository/net/minidev/json-smart/2.4.11/json-smart-2.4.11.jar:/Users/davidhyland/.m2/repository/net/minidev/accessors-smart/2.4.11/accessors-smart-2.4.11.jar:/Users/davidhyland/.m2/repository/org/ow2/asm/asm/9.3/asm-9.3.jar:/Users/davidhyland/.m2/repository/org/assertj/assertj-core/3.24.2/assertj-core-3.24.2.jar:/Users/davidhyland/.m2/repository/net/bytebuddy/byte-buddy/1.14.8/byte-buddy-1.14.8.jar:/Users/davidhyland/.m2/repository/org/hamcrest/hamcrest/2.2/hamcrest-2.2.jar:/Users/davidhyland/.m2/repository/org/junit/jupiter/junit-jupiter/5.9.3/junit-jupiter-5.9.3.jar:/Users/davidhyland/.m2/repository/org/junit/jupiter/junit-jupiter-api/5.9.3/junit-jupiter-api-5.9.3.jar:/Users/davidhyland/.m2/repository/org/opentest4j/opentest4j/1.2.0/opentest4j-1.2.0.jar:/Users/davidhyland/.m2/repository/org/junit/platform/junit-platform-commons/1.9.3/junit-platform-commons-1.9.3.jar:/Users/davidhyland/.m2/repository/org/apiguardian/apiguardian-api/1.1.2/apiguardian-api-1.1.2.jar:/Users/davidhyland/.m2/repository/org/junit/jupiter/junit-jupiter-params/5.9.3/junit-jupiter-params-5.9.3.jar:/Users/davidhyland/.m2/repository/org/junit/jupiter/junit-jupiter-engine/5.9.3/junit-jupiter-engine-5.9.3.jar:/Users/davidhyland/.m2/repository/org/junit/platform/junit-platform-engine/1.9.3/junit-platform-engine-1.9.3.jar:/Users/davidhyland/.m2/repository/org/mockito/mockito-core/5.3.1/mockito-core-5.3.1.jar:/Users/davidhyland/.m2/repository/net/bytebuddy/byte-buddy-agent/1.14.8/byte-buddy-agent-1.14.8.jar:/Users/davidhyland/.m2/repository/org/objenesis/objenesis/3.3/objenesis-3.3.jar:/Users/davidhyland/.m2/repository/org/mockito/mockito-junit-jupiter/5.3.1/mockito-junit-jupiter-5.3.1.jar:/Users/davidhyland/.m2/repository/org/skyscreamer/jsonassert/1.5.1/jsonassert-1.5.1.jar:/Users/davidhyland/.m2/repository/com/vaadin/external/google/android-json/0.0.20131108.vaadin1/android-json-0.0.20131108.vaadin1.jar:/Users/davidhyland/.m2/repository/org/springframework/spring-core/6.0.12/spring-core-6.0.12.jar:/Users/davidhyland/.m2/repository/org/springframework/spring-jcl/6.0.12/spring-jcl-6.0.12.jar:/Users/davidhyland/.m2/repository/org/springframework/spring-test/6.0.12/spring-test-6.0.12.jar:/Users/davidhyland/.m2/repository/org/xmlunit/xmlunit-core/2.9.1/xmlunit-core-2.9.1.jar:"/>
    <property name="java.vm.vendor" value="Oracle Corporation"/>
    <property name="sun.arch.data.model" value="64"/>
    <property name="java.vendor.url" value="https://java.oracle.com/"/>
    <property name="user.timezone" value="Australia/Sydney"/>
    <property name="os.name" value="Mac OS X"/>
    <property name="java.vm.specification.version" value="17"/>
    <property name="sun.java.launcher" value="SUN_STANDARD"/>
    <property name="user.country" value="US"/>
    <property name="sun.boot.library.path" value="/Library/Java/JavaVirtualMachines/jdk-17.jdk/Contents/Home/lib"/>
    <property name="sun.java.command" value="/Users/davidhyland/Source/idp-blueprints-authz/IDP-Blueprint-for-DevOps/launchdarkly/target/surefire/surefirebooter-20250112151407880_3.jar /Users/davidhyland/Source/idp-blueprints-authz/IDP-Blueprint-for-DevOps/launchdarkly/target/surefire 2025-01-12T15-14-07_843-jvmRun1 surefire-20250112151407880_1tmp surefire_0-20250112151407880_2tmp"/>
    <property name="http.nonProxyHosts" value="local|*.local|169.254/16|*.169.254/16"/>
    <property name="jdk.debug" value="release"/>
    <property name="surefire.test.class.path" value="/Users/davidhyland/Source/idp-blueprints-authz/IDP-Blueprint-for-DevOps/launchdarkly/target/test-classes:/Users/davidhyland/Source/idp-blueprints-authz/IDP-Blueprint-for-DevOps/launchdarkly/target/classes:/Users/davidhyland/.m2/repository/org/springframework/boot/spring-boot-starter-web/3.1.4/spring-boot-starter-web-3.1.4.jar:/Users/davidhyland/.m2/repository/org/springframework/boot/spring-boot-starter/3.1.4/spring-boot-starter-3.1.4.jar:/Users/davidhyland/.m2/repository/org/springframework/boot/spring-boot/3.1.4/spring-boot-3.1.4.jar:/Users/davidhyland/.m2/repository/org/springframework/boot/spring-boot-autoconfigure/3.1.4/spring-boot-autoconfigure-3.1.4.jar:/Users/davidhyland/.m2/repository/org/yaml/snakeyaml/1.33/snakeyaml-1.33.jar:/Users/davidhyland/.m2/repository/org/springframework/boot/spring-boot-starter-json/3.1.4/spring-boot-starter-json-3.1.4.jar:/Users/davidhyland/.m2/repository/com/fasterxml/jackson/core/jackson-databind/2.15.2/jackson-databind-2.15.2.jar:/Users/davidhyland/.m2/repository/com/fasterxml/jackson/core/jackson-annotations/2.15.2/jackson-annotations-2.15.2.jar:/Users/davidhyland/.m2/repository/com/fasterxml/jackson/core/jackson-core/2.15.2/jackson-core-2.15.2.jar:/Users/davidhyland/.m2/repository/com/fasterxml/jackson/datatype/jackson-datatype-jdk8/2.15.2/jackson-datatype-jdk8-2.15.2.jar:/Users/davidhyland/.m2/repository/com/fasterxml/jackson/datatype/jackson-datatype-jsr310/2.15.2/jackson-datatype-jsr310-2.15.2.jar:/Users/davidhyland/.m2/repository/com/fasterxml/jackson/module/jackson-module-parameter-names/2.15.2/jackson-module-parameter-names-2.15.2.jar:/Users/davidhyland/.m2/repository/org/springframework/boot/spring-boot-starter-tomcat/3.1.4/spring-boot-starter-tomcat-3.1.4.jar:/Users/davidhyland/.m2/repository/org/apache/tomcat/embed/tomcat-embed-core/10.1.13/tomcat-embed-core-10.1.13.jar:/Users/davidhyland/.m2/repository/org/apache/tomcat/embed/tomcat-embed-el/10.1.13/tomcat-embed-el-10.1.13.jar:/Users/davidhyland/.m2/repository/org/apache/tomcat/embed/tomcat-embed-websocket/10.1.13/tomcat-embed-websocket-10.1.13.jar:/Users/davidhyland/.m2/repository/org/springframework/spring-web/6.0.12/spring-web-6.0.12.jar:/Users/davidhyland/.m2/repository/org/springframework/spring-beans/6.0.12/spring-beans-6.0.12.jar:/Users/davidhyland/.m2/repository/io/micrometer/micrometer-observation/1.11.4/micrometer-observation-1.11.4.jar:/Users/davidhyland/.m2/repository/io/micrometer/micrometer-commons/1.11.4/micrometer-commons-1.11.4.jar:/Users/davidhyland/.m2/repository/org/springframework/spring-webmvc/6.0.12/spring-webmvc-6.0.12.jar:/Users/davidhyland/.m2/repository/org/springframework/spring-aop/6.0.12/spring-aop-6.0.12.jar:/Users/davidhyland/.m2/repository/org/springframework/spring-context/6.0.12/spring-context-6.0.12.jar:/Users/davidhyland/.m2/repository/org/springframework/spring-expression/6.0.12/spring-expression-6.0.12.jar:/Users/davidhyland/.m2/repository/org/springframework/boot/spring-boot-starter-log4j2/3.1.4/spring-boot-starter-log4j2-3.1.4.jar:/Users/davidhyland/.m2/repository/org/apache/logging/log4j/log4j-slf4j2-impl/2.20.0/log4j-slf4j2-impl-2.20.0.jar:/Users/davidhyland/.m2/repository/org/apache/logging/log4j/log4j-api/2.20.0/log4j-api-2.20.0.jar:/Users/davidhyland/.m2/repository/org/slf4j/slf4j-api/2.0.9/slf4j-api-2.0.9.jar:/Users/davidhyland/.m2/repository/org/apache/logging/log4j/log4j-core/2.20.0/log4j-core-2.20.0.jar:/Users/davidhyland/.m2/repository/org/apache/logging/log4j/log4j-jul/2.20.0/log4j-jul-2.20.0.jar:/Users/davidhyland/.m2/repository/com/launchdarkly/launchdarkly-java-server-sdk/7.6.0/launchdarkly-java-server-sdk-7.6.0.jar:/Users/davidhyland/.m2/repository/jakarta/annotation/jakarta.annotation-api/2.1.1/jakarta.annotation-api-2.1.1.jar:/Users/davidhyland/.m2/repository/org/springframework/boot/spring-boot-starter-test/3.1.4/spring-boot-starter-test-3.1.4.jar:/Users/davidhyland/.m2/repository/org/springframework/boot/spring-boot-test/3.1.4/spring-boot-test-3.1.4.jar:/Users/davidhyland/.m2/repository/org/springframework/boot/spring-boot-test-autoconfigure/3.1.4/spring-boot-test-autoconfigure-3.1.4.jar:/Users/davidhyland/.m2/repository/com/jayway/jsonpath/json-path/2.8.0/json-path-2.8.0.jar:/Users/davidhyland/.m2/repository/jakarta/xml/bind/jakarta.xml.bind-api/4.0.1/jakarta.xml.bind-api-4.0.1.jar:/Users/davidhyland/.m2/repository/jakarta/activation/jakarta.activation-api/2.1.2/jakarta.activation-api-2.1.2.jar:/Users/davidhyland/.m2/repository/net/minidev/json-smart/2.4.11/json-smart-2.4.11.jar:/Users/davidhyland/.m2/repository/net/minidev/accessors-smart/2.4.11/accessors-smart-2.4.11.jar:/Users/davidhyland/.m2/repository/org/ow2/asm/asm/9.3/asm-9.3.jar:/Users/davidhyland/.m2/repository/org/assertj/assertj-core/3.24.2/assertj-core-3.24.2.jar:/Users/davidhyland/.m2/repository/net/bytebuddy/byte-buddy/1.14.8/byte-buddy-1.14.8.jar:/Users/davidhyland/.m2/repository/org/hamcrest/hamcrest/2.2/hamcrest-2.2.jar:/Users/davidhyland/.m2/repository/org/junit/jupiter/junit-jupiter/5.9.3/junit-jupiter-5.9.3.jar:/Users/davidhyland/.m2/repository/org/junit/jupiter/junit-jupiter-api/5.9.3/junit-jupiter-api-5.9.3.jar:/Users/davidhyland/.m2/repository/org/opentest4j/opentest4j/1.2.0/opentest4j-1.2.0.jar:/Users/davidhyland/.m2/repository/org/junit/platform/junit-platform-commons/1.9.3/junit-platform-commons-1.9.3.jar:/Users/davidhyland/.m2/repository/org/apiguardian/apiguardian-api/1.1.2/apiguardian-api-1.1.2.jar:/Users/davidhyland/.m2/repository/org/junit/jupiter/junit-jupiter-params/5.9.3/junit-jupiter-params-5.9.3.jar:/Users/davidhyland/.m2/repository/org/junit/jupiter/junit-jupiter-engine/5.9.3/junit-jupiter-engine-5.9.3.jar:/Users/davidhyland/.m2/repository/org/junit/platform/junit-platform-engine/1.9.3/junit-platform-engine-1.9.3.jar:/Users/davidhyland/.m2/repository/org/mockito/mockito-core/5.3.1/mockito-core-5.3.1.jar:/Users/davidhyland/.m2/repository/net/bytebuddy/byte-buddy-agent/1.14.8/byte-buddy-agent-1.14.8.jar:/Users/davidhyland/.m2/repository/org/objenesis/objenesis/3.3/objenesis-3.3.jar:/Users/davidhyland/.m2/repository/org/mockito/mockito-junit-jupiter/5.3.1/mockito-junit-jupiter-5.3.1.jar:/Users/davidhyland/.m2/repository/org/skyscreamer/jsonassert/1.5.1/jsonassert-1.5.1.jar:/Users/davidhyland/.m2/repository/com/vaadin/external/google/android-json/0.0.20131108.vaadin1/android-json-0.0.20131108.vaadin1.jar:/Users/davidhyland/.m2/repository/org/springframework/spring-core/6.0.12/spring-core-6.0.12.jar:/Users/davidhyland/.m2/repository/org/springframework/spring-jcl/6.0.12/spring-jcl-6.0.12.jar:/Users/davidhyland/.m2/repository/org/springframework/spring-test/6.0.12/spring-test-6.0.12.jar:/Users/davidhyland/.m2/repository/org/xmlunit/xmlunit-core/2.9.1/xmlunit-core-2.9.1.jar:"/>
    <property name="sun.cpu.endian" value="little"/>
    <property name="user.home" value="/Users/davidhyland"/>
    <property name="user.language" value="en"/>
    <property name="java.specification.vendor" value="Oracle Corporation"/>
    <property name="java.version.date" value="2024-04-16"/>
    <property name="java.home" value="/Library/Java/JavaVirtualMachines/jdk-17.jdk/Contents/Home"/>
    <property name="file.separator" value="/"/>
    <property name="basedir" value="/Users/davidhyland/Source/idp-blueprints-authz/IDP-Blueprint-for-DevOps/launchdarkly"/>
    <property name="java.vm.compressedOopsMode" value="Zero based"/>
    <property name="line.separator" value="&#10;"/>
    <property name="java.specification.name" value="Java Platform API Specification"/>
    <property name="java.vm.specification.vendor" value="Oracle Corporation"/>
    <property name="FILE_LOG_CHARSET" value="UTF-8"/>
    <property name="java.awt.headless" value="true"/>
    <property name="surefire.real.class.path" value="/Users/davidhyland/Source/idp-blueprints-authz/IDP-Blueprint-for-DevOps/launchdarkly/target/surefire/surefirebooter-20250112151407880_3.jar"/>
    <property name="sun.management.compiler" value="HotSpot 64-Bit Tiered Compilers"/>
    <property name="ftp.nonProxyHosts" value="local|*.local|169.254/16|*.169.254/16"/>
    <property name="java.runtime.version" value="17.0.11+7-LTS-207"/>
    <property name="user.name" value="davidhyland"/>
    <property name="path.separator" value=":"/>
    <property name="os.version" value="15.1.1"/>
    <property name="java.runtime.name" value="Java(TM) SE Runtime Environment"/>
    <property name="file.encoding" value="UTF-8"/>
    <property name="java.vm.name" value="Java HotSpot(TM) 64-Bit Server VM"/>
    <property name="localRepository" value="/Users/davidhyland/.m2/repository"/>
    <property name="java.vendor.url.bug" value="https://bugreport.java.com/bugreport/"/>
    <property name="java.io.tmpdir" value="/var/folders/8k/ss7j3xl11jxg_yvzpx1n82_r0000gn/T/"/>
    <property name="java.version" value="17.0.11"/>
    <property name="user.dir" value="/Users/davidhyland/Source/idp-blueprints-authz/IDP-Blueprint-for-DevOps/launchdarkly"/>
    <property name="os.arch" value="aarch64"/>
    <property name="java.vm.specification.name" value="Java Virtual Machine Specification"/>
    <property name="PID" value="51699"/>
    <property name="CONSOLE_LOG_CHARSET" value="UTF-8"/>
    <property name="native.encoding" value="UTF-8"/>
    <property name="java.library.path" value="/Users/davidhyland/Library/Java/Extensions:/Library/Java/Extensions:/Network/Library/Java/Extensions:/System/Library/Java/Extensions:/usr/lib/java:."/>
    <property name="java.vm.info" value="mixed mode, sharing"/>
    <property name="java.vendor" value="Oracle Corporation"/>
    <property name="java.vm.version" value="17.0.11+7-LTS-207"/>
    <property name="sun.io.unicode.encoding" value="UnicodeBig"/>
    <property name="socksNonProxyHosts" value="local|*.local|169.254/16|*.169.254/16"/>
    <property name="java.class.version" value="61.0"/>
  </properties>
  <testcase name="testGetJsonFlag" classname="com.idp.launchdarkly.FeatureFlagControllerTest" time="0.047">
    <system-out><![CDATA[
  .   ____          _            __ _ _
 /\\ / ___'_ __ _ _(_)_ __  __ _ \ \ \ \
( ( )\___ | '_ | '_| | '_ \/ _` | \ \ \ \
 \\/  ___)| |_)| | | | | || (_| |  ) ) ) )
  '  |____| .__|_| |_|_| |_\__, | / / / /
 =========|_|==============|___/=/_/_/_/
 :: Spring Boot ::                (v3.1.4)

2025-01-12T15:14:09.352+11:00  INFO 51699 --- [           main] c.i.l.FeatureFlagControllerTest          : Starting FeatureFlagControllerTest using Java 17.0.11 with PID 51699 (started by davidhyland in /Users/davidhyland/Source/idp-blueprints-authz/IDP-Blueprint-for-DevOps/launchdarkly)
2025-01-12T15:14:09.355+11:00 DEBUG 51699 --- [           main] c.i.l.FeatureFlagControllerTest          : Running with Spring Boot v3.1.4, Spring v6.0.12
2025-01-12T15:14:09.355+11:00  INFO 51699 --- [           main] c.i.l.FeatureFlagControllerTest          : No active profile set, falling back to 1 default profile: "default"
2025-01-12T15:14:09.732+11:00  INFO 51699 --- [           main] o.s.b.t.m.w.SpringBootMockServletContext : Initializing Spring TestDispatcherServlet ''
2025-01-12T15:14:09.732+11:00  INFO 51699 --- [           main] o.s.t.w.s.TestDispatcherServlet          : Initializing Servlet ''
2025-01-12T15:14:09.733+11:00  INFO 51699 --- [           main] o.s.t.w.s.TestDispatcherServlet          : Completed initialization in 1 ms
2025-01-12T15:14:09.740+11:00  INFO 51699 --- [           main] c.i.l.FeatureFlagControllerTest          : Started FeatureFlagControllerTest in 0.504 seconds (process running for 1.8)
2025-01-12T15:14:09.770+11:00  INFO 51699 --- [           main] c.i.l.FeatureFlagController              : GET /flags/json [JSON variation], flagKey=json-flag, contextKey=test-user
2025-01-12T15:14:09.771+11:00 DEBUG 51699 --- [           main] c.i.l.FeatureFlagController              : Flag 'json-flag' -> JSON: {"entitlement":"WRITE"}

MockHttpServletRequest:
      HTTP Method = GET
      Request URI = /flags/json
       Parameters = {flagKey=[json-flag], contextKey=[test-user]}
          Headers = []
             Body = null
    Session Attrs = {}

Handler:
             Type = com.idp.launchdarkly.FeatureFlagController
           Method = com.idp.launchdarkly.FeatureFlagController#getJsonFlag(String, String)

Async:
    Async started = false
     Async result = null

Resolved Exception:
             Type = null

ModelAndView:
        View name = null
             View = null
            Model = null

FlashMap:
       Attributes = null

MockHttpServletResponse:
           Status = 200
    Error message = null
          Headers = [Content-Type:"application/json"]
     Content type = application/json
             Body = {"entitlement":"WRITE"}
    Forwarded URL = null
   Redirected URL = null
          Cookies = []
]]></system-out>
  </testcase>
  <testcase name="testGetFlag_String" classname="com.idp.launchdarkly.FeatureFlagControllerTest" time="0.01">
    <system-out><![CDATA[2025-01-12T15:14:09.795+11:00  INFO 51699 --- [           main] c.i.l.FeatureFlagController              : GET /flags [dynamic], flagKey=string-flag, contextKey=test-user, type=STRING
2025-01-12T15:14:09.795+11:00 DEBUG 51699 --- [           main] c.i.l.FeatureFlagController              : Flag 'string-flag' -> test-value

MockHttpServletRequest:
      HTTP Method = GET
      Request URI = /flags
       Parameters = {flagKey=[string-flag], contextKey=[test-user], type=[STRING]}
          Headers = []
             Body = null
    Session Attrs = {}

Handler:
             Type = com.idp.launchdarkly.FeatureFlagController
           Method = com.idp.launchdarkly.FeatureFlagController#getFlag(String, String, String)

Async:
    Async started = false
     Async result = null

Resolved Exception:
             Type = null

ModelAndView:
        View name = null
             View = null
            Model = null

FlashMap:
       Attributes = null

MockHttpServletResponse:
           Status = 200
    Error message = null
          Headers = [Content-Type:"application/json"]
     Content type = application/json
             Body = {"flagKey":"string-flag","value":"test-value"}
    Forwarded URL = null
   Redirected URL = null
          Cookies = []
]]></system-out>
  </testcase>
  <testcase name="testGetFlagDetail" classname="com.idp.launchdarkly.FeatureFlagControllerTest" time="0.006">
    <system-out><![CDATA[2025-01-12T15:14:09.806+11:00  INFO 51699 --- [           main] c.i.l.FeatureFlagController              : GET /flags/detail [boolean+reason], flagKey=my-flag, contextKey=test-user
2025-01-12T15:14:09.806+11:00 DEBUG 51699 --- [           main] c.i.l.FeatureFlagController              : Flag 'my-flag' -> value=true, reason=RULE_MATCH(1,test-rule)

MockHttpServletRequest:
      HTTP Method = GET
      Request URI = /flags/detail
       Parameters = {flagKey=[my-flag], contextKey=[test-user]}
          Headers = []
             Body = null
    Session Attrs = {}

Handler:
             Type = com.idp.launchdarkly.FeatureFlagController
           Method = com.idp.launchdarkly.FeatureFlagController#getFlagDetail(String, String)

Async:
    Async started = false
     Async result = null

Resolved Exception:
             Type = null

ModelAndView:
        View name = null
             View = null
            Model = null

FlashMap:
       Attributes = null

MockHttpServletResponse:
           Status = 200
    Error message = null
          Headers = [Content-Type:"application/json"]
     Content type = application/json
             Body = {"flagKey":"my-flag","value":true,"reason":"RULE_MATCH(1,test-rule)"}
    Forwarded URL = null
   Redirected URL = null
          Cookies = []
]]></system-out>
  </testcase>
  <testcase name="testGetFlag_Boolean" classname="com.idp.launchdarkly.FeatureFlagControllerTest" time="0.003">
    <system-out><![CDATA[2025-01-12T15:14:09.813+11:00  INFO 51699 --- [           main] c.i.l.FeatureFlagController              : GET /flags [dynamic], flagKey=my-flag, contextKey=test-user, type=BOOLEAN
2025-01-12T15:14:09.813+11:00 DEBUG 51699 --- [           main] c.i.l.FeatureFlagController              : Flag 'my-flag' -> true

MockHttpServletRequest:
      HTTP Method = GET
      Request URI = /flags
       Parameters = {flagKey=[my-flag], contextKey=[test-user], type=[BOOLEAN]}
          Headers = []
             Body = null
    Session Attrs = {}

Handler:
             Type = com.idp.launchdarkly.FeatureFlagController
           Method = com.idp.launchdarkly.FeatureFlagController#getFlag(String, String, String)

Async:
    Async started = false
     Async result = null

Resolved Exception:
             Type = null

ModelAndView:
        View name = null
             View = null
            Model = null

FlashMap:
       Attributes = null

MockHttpServletResponse:
           Status = 200
    Error message = null
          Headers = [Content-Type:"application/json"]
     Content type = application/json
             Body = {"flagKey":"my-flag","value":true}
    Forwarded URL = null
   Redirected URL = null
          Cookies = []
]]></system-out>
  </testcase>
</testsuite>